<?xml version="1.0" encoding="UTF-8"?>
<!-- Generated by org.testng.reporters.JUnitXMLReporter -->
<testsuite ignored="0" hostname="Himanshu-Sharma" failures="0" tests="3" name="Default test" time="2.151" errors="0" timestamp="2024-10-07T12:32:46 IST">
  <testcase classname="Section_7.Dynamicjson2" name="addBook" time="1.748"/>
  <testcase classname="Section_7.Dynamicjson2" name="addBook" time="0.179"/>
  <testcase classname="Section_7.Dynamicjson2" name="addBook" time="0.166"/>
</testsuite> <!-- Default test -->
