<?xml version="1.0" encoding="UTF-8"?>
<testng-results ignored="0" total="3" passed="3" failed="0" skipped="0">
  <reporter-output>
  </reporter-output>
  <suite started-at="2024-10-07T12:32:44 IST" name="Default suite" finished-at="2024-10-07T12:32:46 IST" duration-ms="2151">
    <groups>
    </groups>
    <test started-at="2024-10-07T12:32:44 IST" name="Default test" finished-at="2024-10-07T12:32:46 IST" duration-ms="2151">
      <class name="Section_7.Dynamicjson2">
        <test-method signature="addBook(java.lang.String,java.lang.String)[pri:0, instance:Section_7.Dynamicjson2@783a467b]" started-at="2024-10-07T12:32:44 IST" name="addBook" data-provider="booksData" finished-at="2024-10-07T12:32:46 IST" duration-ms="1748" status="PASS">
          <params>
            <param index="0">
              <value>
                <![CDATA[sgdh]]>
              </value>
            </param>
            <param index="1">
              <value>
                <![CDATA[88565]]>
              </value>
            </param>
          </params>
          <reporter-output>
          </reporter-output>
        </test-method> <!-- addBook -->
        <test-method signature="addBook(java.lang.String,java.lang.String)[pri:0, instance:Section_7.Dynamicjson2@783a467b]" started-at="2024-10-07T12:32:46 IST" name="addBook" data-provider="booksData" finished-at="2024-10-07T12:32:46 IST" duration-ms="179" status="PASS">
          <params>
            <param index="0">
              <value>
                <![CDATA[jvcm]]>
              </value>
            </param>
            <param index="1">
              <value>
                <![CDATA[43342]]>
              </value>
            </param>
          </params>
          <reporter-output>
          </reporter-output>
        </test-method> <!-- addBook -->
        <test-method signature="addBook(java.lang.String,java.lang.String)[pri:0, instance:Section_7.Dynamicjson2@783a467b]" started-at="2024-10-07T12:32:46 IST" name="addBook" data-provider="booksData" finished-at="2024-10-07T12:32:46 IST" duration-ms="166" status="PASS">
          <params>
            <param index="0">
              <value>
                <![CDATA[rtrg]]>
              </value>
            </param>
            <param index="1">
              <value>
                <![CDATA[35534]]>
              </value>
            </param>
          </params>
          <reporter-output>
          </reporter-output>
        </test-method> <!-- addBook -->
      </class> <!-- Section_7.Dynamicjson2 -->
    </test> <!-- Default test -->
  </suite> <!-- Default suite -->
</testng-results>
